0 info it worked if it ends with ok
1 verbose cli [ 'C:\\Program Files\\nodejs\\node.exe',
1 verbose cli   'C:\\Program Files\\nodejs\\node_modules\\npm\\bin\\npm-cli.js',
1 verbose cli   'install' ]
2 info using npm@2.15.9
3 info using node@v4.6.1
4 verbose readDependencies loading dependencies from C:\Users\lijunjin\webAppReaderDemo\package.json
5 warn package.json webappreader@1.0.0 No repository field.
6 warn package.json webappreader@1.0.0 No README data
7 verbose install where, deps [ 'C:\\Users\\lijunjin\\webAppReaderDemo',
7 verbose install   [ 'co-views',
7 verbose install     'auto-reload',
7 verbose install     'koa',
7 verbose install     'ejs',
7 verbose install     'koa-route',
7 verbose install     'koa-views',
7 verbose install     'koa-static-server',
7 verbose install     'n',
7 verbose install     'webpack' ] ]
8 verbose install where, peers [ 'C:\\Users\\lijunjin\\webAppReaderDemo', [] ]
9 verbose installManyTop reading for lifecycle C:\Users\lijunjin\webAppReaderDemo\package.json
10 info preinstall webappreader@1.0.0
11 verbose installManyTop reading scoped package data from C:\Users\lijunjin\webAppReaderDemo\node_modules\auto-reload\package.json
12 verbose installManyTop reading scoped package data from C:\Users\lijunjin\webAppReaderDemo\node_modules\co-views\package.json
13 verbose installManyTop reading scoped package data from C:\Users\lijunjin\webAppReaderDemo\node_modules\ejs\package.json
14 verbose installManyTop reading scoped package data from C:\Users\lijunjin\webAppReaderDemo\node_modules\koa\package.json
15 verbose installManyTop reading scoped package data from C:\Users\lijunjin\webAppReaderDemo\node_modules\koa-route\package.json
16 verbose installManyTop reading scoped package data from C:\Users\lijunjin\webAppReaderDemo\node_modules\koa-static-server\package.json
17 verbose installManyTop reading scoped package data from C:\Users\lijunjin\webAppReaderDemo\node_modules\koa-views\package.json
18 verbose installManyTop reading scoped package data from C:\Users\lijunjin\webAppReaderDemo\node_modules\webpack\package.json
19 verbose readDependencies loading dependencies from C:\Users\lijunjin\webAppReaderDemo\package.json
20 verbose targetResolver reading package data from C:\Users\lijunjin\webAppReaderDemo\node_modules\auto-reload\package.json
21 verbose targetResolver reading package data from C:\Users\lijunjin\webAppReaderDemo\node_modules\co-views\package.json
22 verbose targetResolver reading package data from C:\Users\lijunjin\webAppReaderDemo\node_modules\ejs\package.json
23 verbose targetResolver reading package data from C:\Users\lijunjin\webAppReaderDemo\node_modules\koa\package.json
24 verbose targetResolver reading package data from C:\Users\lijunjin\webAppReaderDemo\node_modules\koa-route\package.json
25 verbose targetResolver reading package data from C:\Users\lijunjin\webAppReaderDemo\node_modules\koa-static-server\package.json
26 verbose targetResolver reading package data from C:\Users\lijunjin\webAppReaderDemo\node_modules\koa-views\package.json
27 verbose targetResolver reading package data from C:\Users\lijunjin\webAppReaderDemo\node_modules\webpack\package.json
28 verbose targetResolver reading package data from C:\Users\lijunjin\webAppReaderDemo\node_modules\.bin\webpack\package.json
29 verbose targetResolver reading package data from C:\Users\lijunjin\webAppReaderDemo\node_modules\.bin\webpack.cmd\package.json
30 verbose already installed skipping co-views@^2.1.0 C:\Users\lijunjin\webAppReaderDemo
31 verbose already installed skipping auto-reload@^0.0.2 C:\Users\lijunjin\webAppReaderDemo
32 verbose already installed skipping koa@^1.2.0 C:\Users\lijunjin\webAppReaderDemo
33 verbose already installed skipping ejs@^2.4.2 C:\Users\lijunjin\webAppReaderDemo
34 verbose already installed skipping koa-route@^2.4.2 C:\Users\lijunjin\webAppReaderDemo
35 verbose already installed skipping koa-views@^4.1.0 C:\Users\lijunjin\webAppReaderDemo
36 verbose already installed skipping koa-static-server@^0.1.8 C:\Users\lijunjin\webAppReaderDemo
37 silly cache add args [ 'n@^2.1.2', null ]
38 verbose cache add spec n@^2.1.2
39 silly cache add parsed spec Result {
39 silly cache add   raw: 'n@^2.1.2',
39 silly cache add   scope: null,
39 silly cache add   name: 'n',
39 silly cache add   rawSpec: '^2.1.2',
39 silly cache add   spec: '>=2.1.2 <3.0.0',
39 silly cache add   type: 'range' }
40 silly addNamed n@>=2.1.2 <3.0.0
41 verbose addNamed ">=2.1.2 <3.0.0" is a valid semver range for n
42 silly addNameRange { name: 'n', range: '>=2.1.2 <3.0.0', hasData: false }
43 silly mapToRegistry name n
44 silly mapToRegistry using default registry
45 silly mapToRegistry registry https://registry.npmjs.org/
46 silly mapToRegistry data Result {
46 silly mapToRegistry   raw: 'n',
46 silly mapToRegistry   scope: null,
46 silly mapToRegistry   name: 'n',
46 silly mapToRegistry   rawSpec: '',
46 silly mapToRegistry   spec: 'latest',
46 silly mapToRegistry   type: 'tag' }
47 silly mapToRegistry uri https://registry.npmjs.org/n
48 verbose addNameRange registry:https://registry.npmjs.org/n not in flight; fetching
49 verbose already installed skipping webpack@^1.13.1 C:\Users\lijunjin\webAppReaderDemo
50 verbose request uri https://registry.npmjs.org/n
51 verbose request no auth needed
52 info attempt registry request try #1 at 11:44:44
53 verbose request id 22c1bcbbae8f0d81
54 verbose etag W/"58c04124-101ef"
55 verbose lastModified Wed, 08 Mar 2017 17:36:36 GMT
56 http request GET https://registry.npmjs.org/n
57 http 304 https://registry.npmjs.org/n
58 verbose headers { date: 'Fri, 17 Mar 2017 03:44:44 GMT',
58 verbose headers   via: '1.1 varnish',
58 verbose headers   'cache-control': 'max-age=300',
58 verbose headers   etag: 'W/"58c04124-101ef"',
58 verbose headers   age: '264',
58 verbose headers   connection: 'keep-alive',
58 verbose headers   'x-served-by': 'cache-nrt6123-NRT',
58 verbose headers   'x-cache': 'HIT',
58 verbose headers   'x-cache-hits': '1',
58 verbose headers   'x-timer': 'S1489722284.855172,VS0,VE0',
58 verbose headers   vary: 'Accept-Encoding' }
59 silly get cb [ 304,
59 silly get   { date: 'Fri, 17 Mar 2017 03:44:44 GMT',
59 silly get     via: '1.1 varnish',
59 silly get     'cache-control': 'max-age=300',
59 silly get     etag: 'W/"58c04124-101ef"',
59 silly get     age: '264',
59 silly get     connection: 'keep-alive',
59 silly get     'x-served-by': 'cache-nrt6123-NRT',
59 silly get     'x-cache': 'HIT',
59 silly get     'x-cache-hits': '1',
59 silly get     'x-timer': 'S1489722284.855172,VS0,VE0',
59 silly get     vary: 'Accept-Encoding' } ]
60 verbose etag https://registry.npmjs.org/n from cache
61 verbose get saving n to C:\Users\lijunjin\AppData\Roaming\npm-cache\registry.npmjs.org\n\.cache.json
62 verbose correctMkdir C:\Users\lijunjin\AppData\Roaming\npm-cache correctMkdir not in flight; initializing
63 silly addNameRange number 2 { name: 'n', range: '>=2.1.2 <3.0.0', hasData: true }
64 silly addNameRange versions [ 'n',
64 silly addNameRange   [ '0.0.1',
64 silly addNameRange     '0.0.2',
64 silly addNameRange     '0.0.3',
64 silly addNameRange     '0.0.4',
64 silly addNameRange     '0.1.0',
64 silly addNameRange     '0.1.1',
64 silly addNameRange     '0.1.2',
64 silly addNameRange     '0.2.0',
64 silly addNameRange     '0.2.1',
64 silly addNameRange     '0.2.2',
64 silly addNameRange     '0.3.0',
64 silly addNameRange     '0.4.0',
64 silly addNameRange     '0.4.1',
64 silly addNameRange     '0.4.2',
64 silly addNameRange     '0.5.0',
64 silly addNameRange     '0.5.1',
64 silly addNameRange     '0.5.2',
64 silly addNameRange     '0.5.3',
64 silly addNameRange     '0.5.4',
64 silly addNameRange     '0.6.0',
64 silly addNameRange     '0.6.1',
64 silly addNameRange     '0.7.0',
64 silly addNameRange     '0.7.1',
64 silly addNameRange     '0.7.2',
64 silly addNameRange     '0.7.3',
64 silly addNameRange     '0.8.0',
64 silly addNameRange     '0.8.1',
64 silly addNameRange     '0.8.2',
64 silly addNameRange     '0.9.0',
64 silly addNameRange     '0.9.1',
64 silly addNameRange     '0.9.2',
64 silly addNameRange     '0.9.3',
64 silly addNameRange     '1.0.0',
64 silly addNameRange     '1.1.0',
64 silly addNameRange     '1.2.1',
64 silly addNameRange     '1.2.2',
64 silly addNameRange     '1.2.3',
64 silly addNameRange     '1.2.4',
64 silly addNameRange     '1.2.5',
64 silly addNameRange     '1.2.6',
64 silly addNameRange     '1.2.7',
64 silly addNameRange     '1.2.8',
64 silly addNameRange     '1.2.9',
64 silly addNameRange     '1.2.11',
64 silly addNameRange     '1.2.13',
64 silly addNameRange     '1.2.14',
64 silly addNameRange     '1.3.0',
64 silly addNameRange     '1.4.0',
64 silly addNameRange     '2.0.0',
64 silly addNameRange     '1.4.1',
64 silly addNameRange     '2.0.1',
64 silly addNameRange     '1.4.2',
64 silly addNameRange     '2.0.2',
64 silly addNameRange     '2.1.0',
64 silly addNameRange     '2.1.1',
64 silly addNameRange     '2.1.2',
64 silly addNameRange     '2.1.3',
64 silly addNameRange     '2.1.4',
64 silly addNameRange     '2.1.5' ] ]
65 silly addNamed n@2.1.5
66 verbose addNamed "2.1.5" is a plain semver version for n
67 silly cache afterAdd n@2.1.5
68 verbose afterAdd C:\Users\lijunjin\AppData\Roaming\npm-cache\n\2.1.5\package\package.json not in flight; writing
69 verbose correctMkdir C:\Users\lijunjin\AppData\Roaming\npm-cache correctMkdir not in flight; initializing
70 verbose afterAdd C:\Users\lijunjin\AppData\Roaming\npm-cache\n\2.1.5\package\package.json written
71 silly install resolved [ { name: 'n',
71 silly install resolved     description: 'Interactively Manage All Your Node Versions',
71 silly install resolved     version: '2.1.5',
71 silly install resolved     author: { name: 'TJ Holowaychuk', email: 'tj@vision-media.ca' },
71 silly install resolved     homepage: 'https://github.com/tj/n',
71 silly install resolved     bugs: { url: 'https://github.com/tj/n/issues' },
71 silly install resolved     contributors: [ [Object], [Object], [Object] ],
71 silly install resolved     keywords:
71 silly install resolved      [ 'nvm',
71 silly install resolved        'node',
71 silly install resolved        'version',
71 silly install resolved        'manager',
71 silly install resolved        'switcher',
71 silly install resolved        'node',
71 silly install resolved        'binary',
71 silly install resolved        'env' ],
71 silly install resolved     bin: { n: './bin/n' },
71 silly install resolved     repository: { type: 'git', url: 'git://github.com/tj/n.git' },
71 silly install resolved     preferGlobal: true,
71 silly install resolved     os: [ '!win32' ],
71 silly install resolved     engines: { node: '*' },
71 silly install resolved     license: 'MIT',
71 silly install resolved     gitHead: 'cf8b323b4814c280a009344cfec12d6693b09d70',
71 silly install resolved     _id: 'n@2.1.5',
71 silly install resolved     scripts: {},
71 silly install resolved     _shasum: '146a44fbcff3d3f12be7d7bcdd516d796be2e180',
71 silly install resolved     _from: 'n@>=2.1.2 <3.0.0',
71 silly install resolved     _npmVersion: '2.15.5',
71 silly install resolved     _nodeVersion: '4.4.5',
71 silly install resolved     _npmUser: { name: 'troy0820', email: 'troy.connor@yahoo.com' },
71 silly install resolved     dist:
71 silly install resolved      { shasum: '146a44fbcff3d3f12be7d7bcdd516d796be2e180',
71 silly install resolved        tarball: 'https://registry.npmjs.org/n/-/n-2.1.5.tgz' },
71 silly install resolved     maintainers: [ [Object], [Object], [Object], [Object], [Object], [Object] ],
71 silly install resolved     _npmOperationalInternal:
71 silly install resolved      { host: 'packages-12-west.internal.npmjs.com',
71 silly install resolved        tmp: 'tmp/n-2.1.5.tgz_1488994594679_0.9208811118733138' },
71 silly install resolved     directories: {},
71 silly install resolved     _resolved: 'https://registry.npmjs.org/n/-/n-2.1.5.tgz',
71 silly install resolved     readme: 'ERROR: No README data found!' } ]
72 info install n@2.1.5 into C:\Users\lijunjin\webAppReaderDemo
73 info installOne n@2.1.5
74 verbose installOne of n to C:\Users\lijunjin\webAppReaderDemo not in flight; installing
75 verbose correctMkdir C:\Users\lijunjin\AppData\Roaming\npm-cache\_locks correctMkdir not in flight; initializing
76 verbose lock using C:\Users\lijunjin\AppData\Roaming\npm-cache\_locks\n-a16033444015e4f9.lock for C:\Users\lijunjin\webAppReaderDemo\node_modules\n
77 verbose unlock done using C:\Users\lijunjin\AppData\Roaming\npm-cache\_locks\n-a16033444015e4f9.lock for C:\Users\lijunjin\webAppReaderDemo\node_modules\n
78 verbose stack Error: Unsupported
78 verbose stack     at checkPlatform (C:\Program Files\nodejs\node_modules\npm\node_modules\npm-install-checks\index.js:47:14)
78 verbose stack     at Array.<anonymous> (C:\Program Files\nodejs\node_modules\npm\node_modules\slide\lib\bind-actor.js:15:8)
78 verbose stack     at LOOP (C:\Program Files\nodejs\node_modules\npm\node_modules\slide\lib\chain.js:15:14)
78 verbose stack     at C:\Program Files\nodejs\node_modules\npm\node_modules\slide\lib\chain.js:18:7
78 verbose stack     at checkEngine (C:\Program Files\nodejs\node_modules\npm\node_modules\npm-install-checks\index.js:26:10)
78 verbose stack     at Array.<anonymous> (C:\Program Files\nodejs\node_modules\npm\node_modules\slide\lib\bind-actor.js:15:8)
78 verbose stack     at LOOP (C:\Program Files\nodejs\node_modules\npm\node_modules\slide\lib\chain.js:15:14)
78 verbose stack     at chain (C:\Program Files\nodejs\node_modules\npm\node_modules\slide\lib\chain.js:20:5)
78 verbose stack     at C:\Program Files\nodejs\node_modules\npm\lib\install.js:1038:5
78 verbose stack     at C:\Program Files\nodejs\node_modules\npm\lib\utils\locker.js:39:7
79 verbose pkgid n@2.1.5
80 verbose cwd C:\Users\lijunjin\webAppReaderDemo
81 error Windows_NT 6.1.7601
82 error argv "C:\\Program Files\\nodejs\\node.exe" "C:\\Program Files\\nodejs\\node_modules\\npm\\bin\\npm-cli.js" "install"
83 error node v4.6.1
84 error npm  v2.15.9
85 error code EBADPLATFORM
86 error notsup Unsupported
86 error notsup Not compatible with your operating system or architecture: n@2.1.5
86 error notsup Valid OS:    !win32
86 error notsup Valid Arch:  any
86 error notsup Actual OS:   win32
86 error notsup Actual Arch: x64
87 verbose exit [ 1, true ]
